1295910566|Red Hot Chili Peppers|Californication
1295910874|Robert Plant|29 Palms
1295911069|Bob Dylan|The Times They Are A-Chan...
1295911249|Creedence Clearwater Revival|Have You Ever Seen The Ra...
1295912749|Green Day|Good Riddance (Time Of Yo...
1295912899|Talking Heads|Psycho Killer
1295913169|Bruce Springsteen|Born To Run
1295913259|The Offspring|Smash It Up
1295913484|The Offspring|Self Esteem
1295913754|Counting Crows|A Long December
1295975927|The Rolling Stones|Dead Flowers
1295976182|Bobby Fuller Four|I Fought The Law
1295977937|Bob Dylan|The Times They Are A-Chan...
1295978132|Johnossi|Execution Song
1295978267|The Offspring|Smash It Up
1295978477|The Who|Behind Blue Eyes
1295978492|Talking Heads|Burning Down The House
1295978507|Cake|I Will Survive
1295978661|Queen|Somebody To Love
1295978781|Tenacious D|Classico
1295978796|The Animals II|The House Of The Rising S...
1295979198|Queen|Friends Will Be Friends
1295979603|Talking Heads|Psycho Killer
1295979873|System Of A Down|Toxicity
1295980098|Ike &amp; Tina Turner|Nutbush City Limits
1296137007|Queen|I Want It All
1296213885|Aerosmith|Dream On
1296214170|Aerosmith|Nine Lives
1296214220|Aerosmith|Crazy
1296214565|George Harrison|While My Guitar Gently We...
1296214850|Queen|Radio Ga Ga
1296215210|Audioslave|Like A Stone
1296215510|Red Hot Chili Peppers|Californication
1296215856|Red Hot Chili Peppers|Under The Bridge
1296216126|Aerosmith|Jaded
1296216351|Red Hot Chili Peppers|My Friends
1296216606|The Clash|I Fought The Law
1296216771|Queen|Don't Stop Me Now
1296216981|The Offspring|Come Out And Play
1296217191|Metallica|The Memory Remains
1296217476|America|A Horse With No Name
1296217791|The Rolling Stones|Sympathy For The Devil
1296224857|Aerosmith|Livin' On The Edge
1296225202|Aerosmith|Dream On
1296225472|The Clash|Rock The Casbah
1296225712|Scott Joplin|Maple Leaf Rag
1296225877|Queen|A Kind Of Magic
1296226147|Aerosmith|Rag Doll
1296226417|Queen|We Will Rock You
1296226567|Creedence Clearwater Revival|Bad Moon Rising
1296226717|The Rolling Stones|Dead Flowers
1296226972|The Who|Behind Blue Eyes
1296227197|Red Hot Chili Peppers|Californication
1296227527|Red Hot Chili Peppers|Aeroplane (LP Version)
1296227827|Ike &amp; Tina Turner|Nutbush City Limits
1296228007|Talking Heads|Psycho Killer
1296228277|George Harrison|While My Guitar Gently We...
1296228577|Aerosmith|Cryin'
1296228892|Counting Crows|A Long December
1296235673|David Bowie|Changes
1296235898|Green Day|Minority
1296236078|Red Hot Chili Peppers|Under The Bridge
1296236348|Aerosmith|Livin' On The Edge
1296236738|The Cult|(Here Comes The) Rain
1296236783|America|A Horse With No Name
1296237053|Aerosmith|Hole In My Soul
1296237428|Soft Cell|Tainted Love
1296237593|Metallica|Nothing Else Matters
1296237998|Audioslave|Like A Stone
1296238299|Queen|Radio Ga Ga
1296238644|The Police|Every Breath You Take
1296238914|The Rolling Stones|Sympathy For The Devil
1296239289|The Rolling Stones|Ruby Tuesday
1296239499|Queen|Under Pressure
1296239739|Queen|One Vision
1296240069|Prince|Cream
1296240324|The Rolling Stones|Wild Horses
1296240684|The Who|Behind Blue Eyes
1296240909|Green Day|Good Riddance (Time Of Yo...
1296241059|Queen|Bohemian Rhapsody
1296241419|Blur|Song 2
1296242019|Metallica|The Memory Remains
1296242304|Talking Heads|Burning Down The House
